JSON{"<xml><ToUserName><![CDATA[gh_b46c5ba0be82]]></ToUserName>\n<FromUserName><![CDATA[oeOfyv1OSwKJAvwGLgnEmBokCB7w]]></FromUserName>\n<CreateTime>1464251023</CreateTime>\n<MsgType><![CDATA[text]]></MsgType>\n<Content><![CDATA[tw]]></Content>\n<MsgId>6288910257324502663</MsgId>\n</xml>":""}
XML <xml><ToUserName><![CDATA[gh_b46c5ba0be82]]></ToUserName>\n<FromUserName><![CDATA[oeOfyv1OSwKJAvwGLgnEmBokCB7w]]></FromUserName>\n<CreateTime>1464251023</CreateTime>\n<MsgType><![CDATA[text]]></MsgType>\n<Content><![CDATA[tw]]></Content>\n<MsgId>6288910257324502663</MsgId>\n</xml>
oeOfyv1OSwKJAvwGLgnEmBokCB7w
findOne
{ _id: 5745473bcbd5bf027896ccd3,
  name: '',
  openId: 'oeOfyv1OSwKJAvwGLgnEmBokCB7w',
  otherName: '',
  startTime: 0,
  status: 0 }
JSON{"<xml><ToUserName><![CDATA[gh_b46c5ba0be82]]></ToUserName>\n<FromUserName><![CDATA[oeOfyv1OSwKJAvwGLgnEmBokCB7w]]></FromUserName>\n<CreateTime>1464251037</CreateTime>\n<MsgType><![CDATA[text]]></MsgType>\n<Content><![CDATA[@21]]></Content>\n<MsgId>6288910317454044809</MsgId>\n</xml>":""}
XML <xml><ToUserName><![CDATA[gh_b46c5ba0be82]]></ToUserName>\n<FromUserName><![CDATA[oeOfyv1OSwKJAvwGLgnEmBokCB7w]]></FromUserName>\n<CreateTime>1464251037</CreateTime>\n<MsgType><![CDATA[text]]></MsgType>\n<Content><![CDATA[@21]]></Content>\n<MsgId>6288910317454044809</MsgId>\n</xml>
oeOfyv1OSwKJAvwGLgnEmBokCB7w
findOne
{ _id: 5745473bcbd5bf027896ccd3,
  name: '',
  openId: 'oeOfyv1OSwKJAvwGLgnEmBokCB7w',
  otherName: '',
  startTime: 0,
  status: 0 }
JSON{}
XML 
oeOfyv1OSwKJAvwGLgnEmBokCB7w
findOne
{ _id: 5745473bcbd5bf027896ccd3,
  name: '21',
  openId: 'oeOfyv1OSwKJAvwGLgnEmBokCB7w',
  otherName: '',
  startTime: 0,
  status: 1 }
JSON{}
XML 
oeOfyv1OSwKJAvwGLgnEmBokCB7w
findOne
{ _id: 5745473bcbd5bf027896ccd3,
  name: '21',
  openId: 'oeOfyv1OSwKJAvwGLgnEmBokCB7w',
  otherName: '21',
  startTime: 0,
  status: 2 }
JSON{}
XML 
oeOfyv1OSwKJAvwGLgnEmBokCB7w
findOne
{ _id: 5745473bcbd5bf027896ccd3,
  name: '21',
  openId: 'oeOfyv1OSwKJAvwGLgnEmBokCB7w',
  otherName: '21',
  startTime: 0,
  status: 2 }
JSON{}
XML 
oeOfyv1OSwKJAvwGLgnEmBokCB7w
findOne
{ _id: 5745473bcbd5bf027896ccd3,
  name: '21',
  openId: 'oeOfyv1OSwKJAvwGLgnEmBokCB7w',
  otherName: '21',
  startTime: 0,
  status: 2 }
JSON{}
XML 
oeOfyv1OSwKJAvwGLgnEmBokCB7w
findOne
{ _id: 5745473bcbd5bf027896ccd3,
  name: '21',
  openId: 'oeOfyv1OSwKJAvwGLgnEmBokCB7w',
  otherName: '21',
  startTime: 0,
  status: 2 }
JSON{}
XML 
oeOfyv1OSwKJAvwGLgnEmBokCB7w
findOne
{ _id: 5745473bcbd5bf027896ccd3,
  name: '21',
  openId: 'oeOfyv1OSwKJAvwGLgnEmBokCB7w',
  otherName: '21',
  startTime: 0,
  status: 2 }
JSON{}
XML 
oeOfyv1OSwKJAvwGLgnEmBokCB7w
findOne
{ _id: 5745473bcbd5bf027896ccd3,
  name: '21',
  openId: 'oeOfyv1OSwKJAvwGLgnEmBokCB7w',
  otherName: '21',
  startTime: 0,
  status: 2 }
JSON{}
XML 
oeOfyv1OSwKJAvwGLgnEmBokCB7w
findOne
{ _id: 5745473bcbd5bf027896ccd3,
  name: '21',
  openId: 'oeOfyv1OSwKJAvwGLgnEmBokCB7w',
  otherName: '21',
  startTime: 0,
  status: 2 }
JSON{}
XML 
oeOfyv1OSwKJAvwGLgnEmBokCB7w
(node) warning: possible EventEmitter memory leak detected. 11 listeners added. Use emitter.setMaxListeners() to increase limit.
Trace
    at addListener (events.js:160:15)
    at Server.connect (/home/ftp/node_modules/mongodb/lib/server.js:326:17)
    at open (/home/ftp/node_modules/mongodb/lib/db.js:224:19)
    at Db.open (/home/ftp/node_modules/mongodb/lib/db.js:247:44)
    at Object.conductor.handleInfo (/home/ftp/WECHAT/core/conductor.js:35:6)
    at /home/ftp/WECHAT/core/server.js:30:23
    at RequestDataJSONObject.requestDataJSONObject.setRequestData (/home/ftp/WECHAT/core/wechat_request.js:49:5)
    at IncomingMessage.<anonymous> (/home/ftp/WECHAT/core/server.js:17:31)
    at IncomingMessage.emit (events.js:92:17)
    at _stream_readable.js:944:16
(node) warning: possible EventEmitter memory leak detected. 11 listeners added. Use emitter.setMaxListeners() to increase limit.
Trace
    at addListener (events.js:160:15)
    at once (events.js:185:8)
    at connectHandler (/home/ftp/node_modules/mongodb/lib/server.js:281:19)
    at g (events.js:180:16)
    at emit (events.js:95:17)
    at /home/ftp/node_modules/mongodb/node_modules/mongodb-core/lib/topologies/server.js:572:23
    at /home/ftp/node_modules/mongodb/node_modules/mongodb-core/lib/topologies/server.js:492:18
    at ScramSHA1.reauthenticate (/home/ftp/node_modules/mongodb/node_modules/mongodb-core/lib/auth/scram.js:312:25)
    at applyAuthentications (/home/ftp/node_modules/mongodb/node_modules/mongodb-core/lib/topologies/server.js:488:36)
    at /home/ftp/node_modules/mongodb/node_modules/mongodb-core/lib/topologies/server.js:527:7
findOne
{ _id: 5745473bcbd5bf027896ccd3,
  name: '21',
  openId: 'oeOfyv1OSwKJAvwGLgnEmBokCB7w',
  otherName: '21',
  startTime: 0,
  status: 2 }
JSON{}
XML 
oeOfyv1OSwKJAvwGLgnEmBokCB7w
findOne
{ _id: 5745473bcbd5bf027896ccd3,
  name: '21',
  openId: 'oeOfyv1OSwKJAvwGLgnEmBokCB7w',
  otherName: '21',
  startTime: 0,
  status: 2 }
JSON{}
XML 
oeOfyv1OSwKJAvwGLgnEmBokCB7w
findOne
{ _id: 5745473bcbd5bf027896ccd3,
  name: '21',
  openId: 'oeOfyv1OSwKJAvwGLgnEmBokCB7w',
  otherName: '21',
  startTime: 0,
  status: 2 }
JSON{}
XML 
oeOfyv1OSwKJAvwGLgnEmBokCB7w
findOne
{ _id: 5745473bcbd5bf027896ccd3,
  name: '21',
  openId: 'oeOfyv1OSwKJAvwGLgnEmBokCB7w',
  otherName: '21',
  startTime: 0,
  status: 2 }
JSON{}
XML 
oeOfyv1OSwKJAvwGLgnEmBokCB7w
findOne
{ _id: 5745473bcbd5bf027896ccd3,
  name: '21',
  openId: 'oeOfyv1OSwKJAvwGLgnEmBokCB7w',
  otherName: '21',
  startTime: 0,
  status: 2 }
JSON{}
XML 
oeOfyv1OSwKJAvwGLgnEmBokCB7w
findOne
{ _id: 5745473bcbd5bf027896ccd3,
  name: '21',
  openId: 'oeOfyv1OSwKJAvwGLgnEmBokCB7w',
  otherName: '21',
  startTime: 0,
  status: 2 }
JSON{"<xml><ToUserName><![CDATA[gh_b46c5ba0be82]]></ToUserName>\n<FromUserName><![CDATA[oeOfyv1OSwKJAvwGLgnEmBokCB7w]]></FromUserName>\n<CreateTime>1464269847</CreateTime>\n<MsgType><![CDATA[text]]></MsgType>\n<Content><![CDATA[在]]></Content>\n<MsgId>6288991105788887855</MsgId>\n</xml>":""}
XML <xml><ToUserName><![CDATA[gh_b46c5ba0be82]]></ToUserName>\n<FromUserName><![CDATA[oeOfyv1OSwKJAvwGLgnEmBokCB7w]]></FromUserName>\n<CreateTime>1464269847</CreateTime>\n<MsgType><![CDATA[text]]></MsgType>\n<Content><![CDATA[在]]></Content>\n<MsgId>6288991105788887855</MsgId>\n</xml>
oeOfyv1OSwKJAvwGLgnEmBokCB7w
findOne
{ _id: 5745473bcbd5bf027896ccd3,
  name: '21',
  openId: 'oeOfyv1OSwKJAvwGLgnEmBokCB7w',
  otherName: '21',
  startTime: 0,
  status: 2 }
JSON{"<xml><ToUserName><![CDATA[gh_b46c5ba0be82]]></ToUserName>\n<FromUserName><![CDATA[oeOfyv1OSwKJAvwGLgnEmBokCB7w]]></FromUserName>\n<CreateTime>1464270000</CreateTime>\n<MsgType><![CDATA[text]]></MsgType>\n<Content><![CDATA[在]]></Content>\n<MsgId>6288991762918884178</MsgId>\n</xml>":""}
XML <xml><ToUserName><![CDATA[gh_b46c5ba0be82]]></ToUserName>\n<FromUserName><![CDATA[oeOfyv1OSwKJAvwGLgnEmBokCB7w]]></FromUserName>\n<CreateTime>1464270000</CreateTime>\n<MsgType><![CDATA[text]]></MsgType>\n<Content><![CDATA[在]]></Content>\n<MsgId>6288991762918884178</MsgId>\n</xml>
oeOfyv1OSwKJAvwGLgnEmBokCB7w
findOne
{ _id: 5745473bcbd5bf027896ccd3,
  name: '21',
  openId: 'oeOfyv1OSwKJAvwGLgnEmBokCB7w',
  otherName: '21',
  startTime: 0,
  status: 2 }
JSON{"<xml><ToUserName><![CDATA[gh_b46c5ba0be82]]></ToUserName>\n<FromUserName><![CDATA[oeOfyv1OSwKJAvwGLgnEmBokCB7w]]></FromUserName>\n<CreateTime>1464270003</CreateTime>\n<MsgType><![CDATA[text]]></MsgType>\n<Content><![CDATA[否]]></Content>\n<MsgId>6288991775803786069</MsgId>\n</xml>":""}
XML <xml><ToUserName><![CDATA[gh_b46c5ba0be82]]></ToUserName>\n<FromUserName><![CDATA[oeOfyv1OSwKJAvwGLgnEmBokCB7w]]></FromUserName>\n<CreateTime>1464270003</CreateTime>\n<MsgType><![CDATA[text]]></MsgType>\n<Content><![CDATA[否]]></Content>\n<MsgId>6288991775803786069</MsgId>\n</xml>
oeOfyv1OSwKJAvwGLgnEmBokCB7w
findOne
{ _id: 5745473bcbd5bf027896ccd3,
  name: '21',
  openId: 'oeOfyv1OSwKJAvwGLgnEmBokCB7w',
  otherName: '21',
  startTime: 0,
  status: 2 }
JSON{"<xml><ToUserName><![CDATA[gh_b46c5ba0be82]]></ToUserName>\n<FromUserName><![CDATA[oeOfyv1OSwKJAvwGLgnEmBokCB7w]]></FromUserName>\n<CreateTime>1464270014</CreateTime>\n<MsgType><![CDATA[text]]></MsgType>\n<Content><![CDATA[@21]]></Content>\n<MsgId>6288991823048426331</MsgId>\n</xml>":""}
XML <xml><ToUserName><![CDATA[gh_b46c5ba0be82]]></ToUserName>\n<FromUserName><![CDATA[oeOfyv1OSwKJAvwGLgnEmBokCB7w]]></FromUserName>\n<CreateTime>1464270014</CreateTime>\n<MsgType><![CDATA[text]]></MsgType>\n<Content><![CDATA[@21]]></Content>\n<MsgId>6288991823048426331</MsgId>\n</xml>
oeOfyv1OSwKJAvwGLgnEmBokCB7w
findOne
{ _id: 5745473bcbd5bf027896ccd3,
  name: '',
  openId: 'oeOfyv1OSwKJAvwGLgnEmBokCB7w',
  otherName: '',
  startTime: 0,
  status: 0 }
JSON{"<xml><ToUserName><![CDATA[gh_b46c5ba0be82]]></ToUserName>\n<FromUserName><![CDATA[oeOfyv1OSwKJAvwGLgnEmBokCB7w]]></FromUserName>\n<CreateTime>1464270017</CreateTime>\n<MsgType><![CDATA[text]]></MsgType>\n<Content><![CDATA[在]]></Content>\n<MsgId>6288991835933328221</MsgId>\n</xml>":""}
XML <xml><ToUserName><![CDATA[gh_b46c5ba0be82]]></ToUserName>\n<FromUserName><![CDATA[oeOfyv1OSwKJAvwGLgnEmBokCB7w]]></FromUserName>\n<CreateTime>1464270017</CreateTime>\n<MsgType><![CDATA[text]]></MsgType>\n<Content><![CDATA[在]]></Content>\n<MsgId>6288991835933328221</MsgId>\n</xml>
oeOfyv1OSwKJAvwGLgnEmBokCB7w
findOne
{ _id: 5745473bcbd5bf027896ccd3,
  name: '21',
  openId: 'oeOfyv1OSwKJAvwGLgnEmBokCB7w',
  otherName: '',
  startTime: 0,
  status: 1 }
JSON{}
XML 
oeOfyv1OSwKJAvwGLgnEmBokCB7w
findOne
{ _id: 5745473bcbd5bf027896ccd3,
  name: '21',
  openId: 'oeOfyv1OSwKJAvwGLgnEmBokCB7w',
  otherName: '',
  startTime: 0,
  status: 1 }
JSON{}
XML 
oeOfyv1OSwKJAvwGLgnEmBokCB7w
findOne
{ _id: 5745473bcbd5bf027896ccd3,
  name: '21',
  openId: 'oeOfyv1OSwKJAvwGLgnEmBokCB7w',
  otherName: '',
  startTime: 0,
  status: 1 }
JSON{}
XML 
oeOfyv1OSwKJAvwGLgnEmBokCB7w
findOne
{ _id: 5745473bcbd5bf027896ccd3,
  name: '21',
  openId: 'oeOfyv1OSwKJAvwGLgnEmBokCB7w',
  otherName: '',
  startTime: 0,
  status: 1 }
JSON{}
XML 
oeOfyv1OSwKJAvwGLgnEmBokCB7w
findOne
{ _id: 5745473bcbd5bf027896ccd3,
  name: '21',
  openId: 'oeOfyv1OSwKJAvwGLgnEmBokCB7w',
  otherName: '',
  startTime: 0,
  status: 1 }
JSON{}
XML 
oeOfyv1OSwKJAvwGLgnEmBokCB7w
findOne
{ _id: 5745473bcbd5bf027896ccd3,
  name: '21',
  openId: 'oeOfyv1OSwKJAvwGLgnEmBokCB7w',
  otherName: '',
  startTime: 0,
  status: 1 }
JSON{}
XML 
oeOfyv1OSwKJAvwGLgnEmBokCB7w
findOne
{ _id: 5745473bcbd5bf027896ccd3,
  name: '21',
  openId: 'oeOfyv1OSwKJAvwGLgnEmBokCB7w',
  otherName: '',
  startTime: 0,
  status: 1 }
JSON{}
XML 
oeOfyv1OSwKJAvwGLgnEmBokCB7w
findOne
{ _id: 5745473bcbd5bf027896ccd3,
  name: '21',
  openId: 'oeOfyv1OSwKJAvwGLgnEmBokCB7w',
  otherName: '',
  startTime: 0,
  status: 1 }
JSON{}
XML 
oeOfyv1OSwKJAvwGLgnEmBokCB7w
findOne
{ _id: 5745473bcbd5bf027896ccd3,
  name: '21',
  openId: 'oeOfyv1OSwKJAvwGLgnEmBokCB7w',
  otherName: '',
  startTime: 0,
  status: 1 }
JSON{}
XML 
oeOfyv1OSwKJAvwGLgnEmBokCB7w
findOne
{ _id: 5745473bcbd5bf027896ccd3,
  name: '21',
  openId: 'oeOfyv1OSwKJAvwGLgnEmBokCB7w',
  otherName: '',
  startTime: 0,
  status: 1 }
JSON{}
XML 
oeOfyv1OSwKJAvwGLgnEmBokCB7w
findOne
{ _id: 5745473bcbd5bf027896ccd3,
  name: '21',
  openId: 'oeOfyv1OSwKJAvwGLgnEmBokCB7w',
  otherName: '',
  startTime: 0,
  status: 1 }
JSON{}
XML 
oeOfyv1OSwKJAvwGLgnEmBokCB7w
findOne
{ _id: 5745473bcbd5bf027896ccd3,
  name: '21',
  openId: 'oeOfyv1OSwKJAvwGLgnEmBokCB7w',
  otherName: '',
  startTime: 0,
  status: 1 }
JSON{}
XML 
oeOfyv1OSwKJAvwGLgnEmBokCB7w
findOne
{ _id: 5745473bcbd5bf027896ccd3,
  name: '21',
  openId: 'oeOfyv1OSwKJAvwGLgnEmBokCB7w',
  otherName: '',
  startTime: 0,
  status: 1 }
JSON{}
XML 
oeOfyv1OSwKJAvwGLgnEmBokCB7w
findOne
{ _id: 5745473bcbd5bf027896ccd3,
  name: '21',
  openId: 'oeOfyv1OSwKJAvwGLgnEmBokCB7w',
  otherName: '',
  startTime: 0,
  status: 1 }
JSON{}
XML 
oeOfyv1OSwKJAvwGLgnEmBokCB7w
findOne
{ _id: 5745473bcbd5bf027896ccd3,
  name: '21',
  openId: 'oeOfyv1OSwKJAvwGLgnEmBokCB7w',
  otherName: '',
  startTime: 0,
  status: 1 }
JSON{}
XML 
oeOfyv1OSwKJAvwGLgnEmBokCB7w
findOne
{ _id: 5745473bcbd5bf027896ccd3,
  name: '21',
  openId: 'oeOfyv1OSwKJAvwGLgnEmBokCB7w',
  otherName: '',
  startTime: 0,
  status: 1 }
JSON{}
XML 
oeOfyv1OSwKJAvwGLgnEmBokCB7w
findOne
{ _id: 5745473bcbd5bf027896ccd3,
  name: '21',
  openId: 'oeOfyv1OSwKJAvwGLgnEmBokCB7w',
  otherName: '',
  startTime: 0,
  status: 1 }
JSON{}
XML 
oeOfyv1OSwKJAvwGLgnEmBokCB7w
findOne
{ _id: 5745473bcbd5bf027896ccd3,
  name: '21',
  openId: 'oeOfyv1OSwKJAvwGLgnEmBokCB7w',
  otherName: '',
  startTime: 0,
  status: 1 }
JSON{}
XML 
oeOfyv1OSwKJAvwGLgnEmBokCB7w
findOne
{ _id: 5745473bcbd5bf027896ccd3,
  name: '21',
  openId: 'oeOfyv1OSwKJAvwGLgnEmBokCB7w',
  otherName: '',
  startTime: 0,
  status: 1 }
JSON{}
XML 
oeOfyv1OSwKJAvwGLgnEmBokCB7w
findOne
{ _id: 5745473bcbd5bf027896ccd3,
  name: '21',
  openId: 'oeOfyv1OSwKJAvwGLgnEmBokCB7w',
  otherName: '',
  startTime: 0,
  status: 1 }
JSON{}
XML 
oeOfyv1OSwKJAvwGLgnEmBokCB7w
findOne
{ _id: 5745473bcbd5bf027896ccd3,
  name: '21',
  openId: 'oeOfyv1OSwKJAvwGLgnEmBokCB7w',
  otherName: '',
  startTime: 0,
  status: 1 }
JSON{}
XML 
oeOfyv1OSwKJAvwGLgnEmBokCB7w
findOne
{ _id: 5745473bcbd5bf027896ccd3,
  name: '21',
  openId: 'oeOfyv1OSwKJAvwGLgnEmBokCB7w',
  otherName: '',
  startTime: 0,
  status: 1 }
JSON{}
XML 
oeOfyv1OSwKJAvwGLgnEmBokCB7w
findOne
{ _id: 5745473bcbd5bf027896ccd3,
  name: '21',
  openId: 'oeOfyv1OSwKJAvwGLgnEmBokCB7w',
  otherName: '',
  startTime: 0,
  status: 1 }
JSON{}
XML 
oeOfyv1OSwKJAvwGLgnEmBokCB7w
findOne
{ _id: 5745473bcbd5bf027896ccd3,
  name: '21',
  openId: 'oeOfyv1OSwKJAvwGLgnEmBokCB7w',
  otherName: '',
  startTime: 0,
  status: 1 }
JSON{}
XML 
oeOfyv1OSwKJAvwGLgnEmBokCB7w
findOne
{ _id: 5745473bcbd5bf027896ccd3,
  name: '21',
  openId: 'oeOfyv1OSwKJAvwGLgnEmBokCB7w',
  otherName: '',
  startTime: 0,
  status: 1 }
JSON{}
XML 
oeOfyv1OSwKJAvwGLgnEmBokCB7w
findOne
{ _id: 5745473bcbd5bf027896ccd3,
  name: '21',
  openId: 'oeOfyv1OSwKJAvwGLgnEmBokCB7w',
  otherName: '',
  startTime: 0,
  status: 1 }
JSON{}
XML 
oeOfyv1OSwKJAvwGLgnEmBokCB7w
findOne
{ _id: 5745473bcbd5bf027896ccd3,
  name: '21',
  openId: 'oeOfyv1OSwKJAvwGLgnEmBokCB7w',
  otherName: '',
  startTime: 0,
  status: 1 }
JSON{"<xml><ToUserName><![CDATA[gh_b46c5ba0be82]]></ToUserName>\n<FromUserName><![CDATA[oeOfyv1OSwKJAvwGLgnEmBokCB7w]]></FromUserName>\n<CreateTime>1464302458</CreateTime>\n<MsgType><![CDATA[text]]></MsgType>\n<Content><![CDATA[t]]></Content>\n<MsgId>6289131168967380662</MsgId>\n</xml>":""}
XML <xml><ToUserName><![CDATA[gh_b46c5ba0be82]]></ToUserName>\n<FromUserName><![CDATA[oeOfyv1OSwKJAvwGLgnEmBokCB7w]]></FromUserName>\n<CreateTime>1464302458</CreateTime>\n<MsgType><![CDATA[text]]></MsgType>\n<Content><![CDATA[t]]></Content>\n<MsgId>6289131168967380662</MsgId>\n</xml>
oeOfyv1OSwKJAvwGLgnEmBokCB7w
findOne
{ _id: 5745473bcbd5bf027896ccd3,
  name: '21',
  openId: 'oeOfyv1OSwKJAvwGLgnEmBokCB7w',
  otherName: '',
  startTime: 0,
  status: 1 }
JSON{}
XML 
oeOfyv1OSwKJAvwGLgnEmBokCB7w
findOne
{ _id: 5745473bcbd5bf027896ccd3,
  name: '21',
  openId: 'oeOfyv1OSwKJAvwGLgnEmBokCB7w',
  otherName: '',
  startTime: 0,
  status: 1 }
JSON{}
XML 
oeOfyv1OSwKJAvwGLgnEmBokCB7w
findOne
{ _id: 5745473bcbd5bf027896ccd3,
  name: '21',
  openId: 'oeOfyv1OSwKJAvwGLgnEmBokCB7w',
  otherName: '',
  startTime: 0,
  status: 1 }
JSON{}
XML 
oeOfyv1OSwKJAvwGLgnEmBokCB7w
findOne
{ _id: 5745473bcbd5bf027896ccd3,
  name: '21',
  openId: 'oeOfyv1OSwKJAvwGLgnEmBokCB7w',
  otherName: '',
  startTime: 0,
  status: 1 }
JSON{}
XML 
oeOfyv1OSwKJAvwGLgnEmBokCB7w
findOne
{ _id: 5745473bcbd5bf027896ccd3,
  name: '21',
  openId: 'oeOfyv1OSwKJAvwGLgnEmBokCB7w',
  otherName: '',
  startTime: 0,
  status: 1 }
JSON{}
XML 
oeOfyv1OSwKJAvwGLgnEmBokCB7w
findOne
{ _id: 5745473bcbd5bf027896ccd3,
  name: '21',
  openId: 'oeOfyv1OSwKJAvwGLgnEmBokCB7w',
  otherName: '',
  startTime: 0,
  status: 1 }
JSON{}
XML 
oeOfyv1OSwKJAvwGLgnEmBokCB7w
findOne
{ _id: 5745473bcbd5bf027896ccd3,
  name: '21',
  openId: 'oeOfyv1OSwKJAvwGLgnEmBokCB7w',
  otherName: '',
  startTime: 0,
  status: 1 }
JSON{}
XML 
oeOfyv1OSwKJAvwGLgnEmBokCB7w
findOne
{ _id: 5745473bcbd5bf027896ccd3,
  name: '21',
  openId: 'oeOfyv1OSwKJAvwGLgnEmBokCB7w',
  otherName: '',
  startTime: 0,
  status: 1 }
JSON{}
XML 
oeOfyv1OSwKJAvwGLgnEmBokCB7w
findOne
{ _id: 5745473bcbd5bf027896ccd3,
  name: '21',
  openId: 'oeOfyv1OSwKJAvwGLgnEmBokCB7w',
  otherName: '',
  startTime: 0,
  status: 1 }
JSON{}
XML 
oeOfyv1OSwKJAvwGLgnEmBokCB7w
findOne
{ _id: 5745473bcbd5bf027896ccd3,
  name: '21',
  openId: 'oeOfyv1OSwKJAvwGLgnEmBokCB7w',
  otherName: '',
  startTime: 0,
  status: 1 }
JSON{}
XML 
oeOfyv1OSwKJAvwGLgnEmBokCB7w
findOne
{ _id: 5745473bcbd5bf027896ccd3,
  name: '21',
  openId: 'oeOfyv1OSwKJAvwGLgnEmBokCB7w',
  otherName: '',
  startTime: 0,
  status: 1 }
JSON{}
XML 
oeOfyv1OSwKJAvwGLgnEmBokCB7w
findOne
{ _id: 5745473bcbd5bf027896ccd3,
  name: '21',
  openId: 'oeOfyv1OSwKJAvwGLgnEmBokCB7w',
  otherName: '',
  startTime: 0,
  status: 1 }
JSON{}
XML 
oeOfyv1OSwKJAvwGLgnEmBokCB7w
findOne
{ _id: 5745473bcbd5bf027896ccd3,
  name: '21',
  openId: 'oeOfyv1OSwKJAvwGLgnEmBokCB7w',
  otherName: '',
  startTime: 0,
  status: 1 }
JSON{}
XML 
oeOfyv1OSwKJAvwGLgnEmBokCB7w
findOne
{ _id: 5745473bcbd5bf027896ccd3,
  name: '21',
  openId: 'oeOfyv1OSwKJAvwGLgnEmBokCB7w',
  otherName: '',
  startTime: 0,
  status: 1 }
JSON{}
XML 
oeOfyv1OSwKJAvwGLgnEmBokCB7w
findOne
{ _id: 5745473bcbd5bf027896ccd3,
  name: '21',
  openId: 'oeOfyv1OSwKJAvwGLgnEmBokCB7w',
  otherName: '',
  startTime: 0,
  status: 1 }
JSON{}
XML 
oeOfyv1OSwKJAvwGLgnEmBokCB7w
findOne
{ _id: 5745473bcbd5bf027896ccd3,
  name: '21',
  openId: 'oeOfyv1OSwKJAvwGLgnEmBokCB7w',
  otherName: '',
  startTime: 0,
  status: 1 }
